Arguments: 
  C:\Program Files\nodejs\node.exe C:\Users\umark\AppData\Roaming\npm\node_modules\yarn\bin\yarn.js add react react-dom next js-pdf normalize.css

PATH: 
  C:\Windows\system32;C:\Windows;C:\Windows\System32\Wbem;C:\Windows\System32\WindowsPowerShell\v1.0\;C:\Windows\System32\OpenSSH\;C:\Program Files\nodejs\;C:\Users\umark\AppData\Local\Microsoft\WindowsApps;C:\Users\umark\AppData\Local\Programs\Microsoft VS Code\bin;C:\Users\umark\AppData\Roaming\npm

Yarn version: 
  1.22.11

Node version: 
  14.17.5

Platform: 
  win32 x64

Trace: 
  Error: https://registry.yarnpkg.com/js-pdf: Not found
      at Request.params.callback [as _callback] (C:\Users\umark\AppData\Roaming\npm\node_modules\yarn\lib\cli.js:66992:18)
      at Request.self.callback (C:\Users\umark\AppData\Roaming\npm\node_modules\yarn\lib\cli.js:140763:22)
      at Request.emit (events.js:400:28)
      at Request.<anonymous> (C:\Users\umark\AppData\Roaming\npm\node_modules\yarn\lib\cli.js:141735:10)
      at Request.emit (events.js:400:28)
      at IncomingMessage.<anonymous> (C:\Users\umark\AppData\Roaming\npm\node_modules\yarn\lib\cli.js:141657:12)
      at Object.onceWrapper (events.js:519:28)
      at IncomingMessage.emit (events.js:412:35)
      at endReadableNT (internal/streams/readable.js:1317:12)
      at processTicksAndRejections (internal/process/task_queues.js:82:21)

npm manifest: 
  {
    "name": "nextjs-argon-dashboard",
    "version": "1.1.0",
    "author": "Creative Tim",
    "license": "MIT",
    "homepage": "https://demos.creative-tim.com/nextjs-argon-dashboard/",
    "description": "NextJS version of Argon Dashboard React by Creative Tim",
    "bugs": {
      "url": "https://github.com/creativetimofficial/nextjs-argon-dashboard/issues"
    },
    "repository": {
      "type": "git",
      "url": "git+https://github.com/creativetimofficial/nextjs-argon-dashboard.git"
    },
    "scripts": {
      "start": "next start",
      "build": "next build",
      "install:clean": "rm -rf node_modules/ && rm -rf package-lock.json && rm -rf .next/ && rm -rf out/ && npm install && npm run dev",
      "compile:scss": "node-sass --importer node_modules/node-sass-package-importer/dist/cli.js assets/scss/nextjs-argon-dashboard.scss assets/css/nextjs-argon-dashboard.css",
      "minify:scss": "node-sass --importer node_modules/node-sass-package-importer/dist/cli.js assets/scss/nextjs-argon-dashboard.scss assets/css/nextjs-argon-dashboard.min.css --output-style compressed",
      "map:scss": "node-sass --importer node_modules/node-sass-package-importer/dist/cli.js assets/scss/nextjs-argon-dashboard.scss assets/css/nextjs-argon-dashboard.css --source-map true",
      "build:scss": "npm run compile:scss && npm run minify:scss && npm run map:scss",
      "dev": "next dev"
    },
    "dependencies": {
      "@atlaskit/icon": "^21.8.1",
      "@atlaskit/page": "^12.0.7",
      "@atlaskit/tooltip": "^17.4.1",
      "@fortawesome/fontawesome-free": "5.15.2",
      "@zeit/next-css": "1.0.1",
      "@zeit/next-sass": "1.0.1",
      "bootstrap": "4.6.0",
      "chart.js": "2.9.4",
      "classnames": "2.2.6",
      "moment": "2.29.1",
      "next": "10.0.6",
      "next-compose-plugins": "2.2.1",
      "next-fonts": "1.4.0",
      "next-images": "1.3.1",
      "node-sass": "4.14.1",
      "node-sass-package-importer": "5.3.2",
      "nouislider": "14.6.3",
      "path": "0.12.7",
      "react": "17.0.1",
      "react-chartjs-2": "2.11.1",
      "react-copy-to-clipboard": "5.0.3",
      "react-datetime": "3.0.4",
      "react-dom": "17.0.1",
      "react-redux": "^7.2.5",
      "react-select": "^4.3.1",
      "react-star-ratings": "^2.3.0",
      "reactstrap": "8.9.0",
      "redux": "^4.1.1",
      "styled-components": "^5.3.1",
      "webpack": "4.44.1"
    }
  }

yarn manifest: 
  No manifest

Lockfile: 
  No lockfile
